<?xml version="1.0" encoding="UTF-8"?>
<!-- Generated by org.testng.reporters.JUnitXMLReporter -->
<testsuite hostname="2359s-MacBook-Pro.local" ignored="3" tests="0" failures="0" timestamp="13 Sep 2019 09:31:55 GMT" time="0.004" errors="0">
  <testcase name="A_001_validLogin" time="0.0" classname="com.media2359.tests.a_Authentication">
    <ignored/>
  </testcase> <!-- A_001_validLogin -->
  <testcase name="A_003_ViewDisclaimer" time="0.0" classname="com.media2359.tests.a_Authentication">
    <ignored/>
  </testcase> <!-- A_003_ViewDisclaimer -->
  <testcase name="A_002_ForgotPassword" time="0.0" classname="com.media2359.tests.a_Authentication">
    <ignored/>
  </testcase> <!-- A_002_ForgotPassword -->
</testsuite>
