<?xml version="1.0" encoding="UTF-8"?>
<!-- Generated by org.testng.reporters.JUnitXMLReporter -->
<testsuite hostname="2359s-MacBook-Pro.local" ignored="20" name="Duty Hour" tests="3" failures="0" timestamp="13 Sep 2019 09:33:05 GMT" time="70.266" errors="0">
  <testcase name="H_001_viewLogHours" time="0.147" classname="com.media2359.tests.h_LogHour"/>
  <testcase name="H_008_viewLogDetails" time="11.716" classname="com.media2359.tests.h_LogHour"/>
  <testcase name="H_014_editLogLD" time="42.048" classname="com.media2359.tests.h_LogHour"/>
  <testcase name="E_002_viewRulesDetails" time="0.0" classname="com.media2359.tests.e_RulesConfiguration">
    <ignored/>
  </testcase> <!-- E_002_viewRulesDetails -->
  <testcase name="C_001_viewConfigurations" time="0.0" classname="com.media2359.tests.c_Configuration">
    <ignored/>
  </testcase> <!-- C_001_viewConfigurations -->
  <testcase name="E_004_deactivateRule" time="0.0" classname="com.media2359.tests.e_RulesConfiguration">
    <ignored/>
  </testcase> <!-- E_004_deactivateRule -->
  <testcase name="H_009_selectViolationCause" time="0.0" classname="com.media2359.tests.h_LogHour">
    <ignored/>
  </testcase> <!-- H_009_selectViolationCause -->
  <testcase name="E_001_viewRulesConfiguration" time="0.0" classname="com.media2359.tests.e_RulesConfiguration">
    <ignored/>
  </testcase> <!-- E_001_viewRulesConfiguration -->
  <testcase name="H_005_addNewLH" time="0.0" classname="com.media2359.tests.h_LogHour">
    <ignored/>
  </testcase> <!-- H_005_addNewLH -->
  <testcase name="G_001_viewAssignmentDefinitions" time="0.0" classname="com.media2359.tests.g_AssignmentDefinitions">
    <ignored/>
  </testcase> <!-- G_001_viewAssignmentDefinitions -->
  <testcase name="H_012_viewCommentsLD" time="0.0" classname="com.media2359.tests.h_LogHour">
    <ignored/>
  </testcase> <!-- H_012_viewCommentsLD -->
  <testcase name="H_004_viewPreviousNextWeek" time="0.0" classname="com.media2359.tests.h_LogHour">
    <ignored/>
  </testcase> <!-- H_004_viewPreviousNextWeek -->
  <testcase name="G_003_viewAssignmentDefinitionPagination" time="0.0" classname="com.media2359.tests.g_AssignmentDefinitions">
    <ignored/>
  </testcase> <!-- G_003_viewAssignmentDefinitionPagination -->
  <testcase name="H_013_addCommentLD" time="0.0" classname="com.media2359.tests.h_LogHour">
    <ignored/>
  </testcase> <!-- H_013_addCommentLD -->
  <testcase name="E_003_config80HoursRule" time="0.0" classname="com.media2359.tests.e_RulesConfiguration">
    <ignored/>
  </testcase> <!-- E_003_config80HoursRule -->
  <testcase name="B_001_ViewDutyHours" time="0.0" classname="com.media2359.tests.b_DutyHour">
    <ignored/>
  </testcase> <!-- B_001_ViewDutyHours -->
  <testcase name="H_002_changeResident" time="0.0" classname="com.media2359.tests.h_LogHour">
    <ignored/>
  </testcase> <!-- H_002_changeResident -->
  <testcase name="E_005_activeRule" time="0.0" classname="com.media2359.tests.e_RulesConfiguration">
    <ignored/>
  </testcase> <!-- E_005_activeRule -->
  <testcase name="H_003_unitofTimeView" time="0.0" classname="com.media2359.tests.h_LogHour">
    <ignored/>
  </testcase> <!-- H_003_unitofTimeView -->
  <testcase name="G_002_createNewAssignmentDefinitions" time="0.0" classname="com.media2359.tests.g_AssignmentDefinitions">
    <ignored/>
  </testcase> <!-- G_002_createNewAssignmentDefinitions -->
  <testcase name="H_011_viewHistoryLD" time="0.0" classname="com.media2359.tests.h_LogHour">
    <ignored/>
  </testcase> <!-- H_011_viewHistoryLD -->
  <testcase name="H_007_editLHTimestamp" time="0.0" classname="com.media2359.tests.h_LogHour">
    <ignored/>
  </testcase> <!-- H_007_editLHTimestamp -->
  <testcase name="H_010_reqForCauseCommentLD" time="0.0" classname="com.media2359.tests.h_LogHour">
    <ignored/>
  </testcase> <!-- H_010_reqForCauseCommentLD -->
</testsuite> <!-- Duty Hour -->
