<?xml version="1.0" encoding="UTF-8"?>
<!-- Generated by org.testng.reporters.JUnitXMLReporter -->
<testsuite hostname="2359s-MacBook-Pro.local" ignored="0" name="DutyHour" tests="1" failures="1" timestamp="12 Jun 2019 09:33:06 GMT" time="8.721" errors="0">
  <testcase name="A_001_validLogin" time="5.01" classname="com.media2359.tests.a_Authentication">
    <failure type="java.lang.AssertionError" message="expected [NHG, Administrator (Anaesthesiology)] but found [NHG, Coordinator (Anaesthesiology)]">
      <![CDATA[java.lang.AssertionError: expected [NHG, Administrator (Anaesthesiology)] but found [NHG, Coordinator (Anaesthesiology)]
at com.media2359.pages.BasePage.assertEquals(BasePage.java:172)
at com.media2359.pages.AuthenticationPage.verifyAfterLogin(AuthenticationPage.java:103)
at com.media2359.tests.a_Authentication.A_001_validLogin(a_Authentication.java:42)
at com.media2359.App.main(App.java:42)
... Removed 28 stack frames]]>
    </failure>
  </testcase> <!-- A_001_validLogin -->
</testsuite> <!-- DutyHour -->
