<?xml version="1.0" encoding="UTF-8"?>
<!-- Generated by org.testng.reporters.JUnitXMLReporter -->
<testsuite hostname="2359s-MacBook-Pro.local" ignored="0" name="Authentication" tests="3" failures="0" timestamp="08 Oct 2019 07:10:00 GMT" time="10.336" errors="0">
  <testcase name="A_002_ForgotPassword" time="2.758" classname="com.media2359.tests.a_Authentication"/>
  <testcase name="A_003_ViewDisclaimer" time="0.704" classname="com.media2359.tests.a_Authentication"/>
  <testcase name="A_001_validLogin" time="4.423" classname="com.media2359.tests.a_Authentication"/>
</testsuite> <!-- Authentication -->
