<?xml version="1.0" encoding="UTF-8"?>
<!-- Generated by org.testng.reporters.JUnitXMLReporter -->
<testsuite hostname="2359s-MacBook-Pro.local" ignored="2" name="Authentication" tests="1" failures="0" timestamp="09 Oct 2019 03:23:24 GMT" time="7.138" errors="0">
  <testcase name="A_001_validLogin" time="5.297" classname="com.media2359.tests.a_Authentication"/>
  <testcase name="A_003_ViewDisclaimer" time="0.0" classname="com.media2359.tests.a_Authentication">
    <ignored/>
  </testcase> <!-- A_003_ViewDisclaimer -->
  <testcase name="A_002_ForgotPassword" time="0.0" classname="com.media2359.tests.a_Authentication">
    <ignored/>
  </testcase> <!-- A_002_ForgotPassword -->
</testsuite> <!-- Authentication -->
