<?xml version="1.0" encoding="UTF-8"?>
<testng-results skipped="0" failed="0" ignored="2" total="3" passed="1">
  <reporter-output>
    <line>
      <![CDATA[nhgadmin]]>
    </line>
    <line>
      <![CDATA[]]>
    </line>
    <line>
      <![CDATA[NHG, Administrator (Anaesthesiology)]]>
    </line>
  </reporter-output>
  <suite name="Suite" duration-ms="7138" started-at="2019-10-09T03:23:17Z" finished-at="2019-10-09T03:23:24Z">
    <groups>
    </groups>
    <test name="Authentication" duration-ms="7138" started-at="2019-10-09T03:23:17Z" finished-at="2019-10-09T03:23:24Z">
      <class name="com.media2359.tests.a_Authentication">
        <test-method status="PASS" signature="setup(java.lang.String, java.lang.Boolean)[pri:0, instance:com.media2359.tests.a_Authentication@3cbbc1e0]" name="setup" is-config="true" duration-ms="1748" started-at="2019-10-09T03:23:17Z" finished-at="2019-10-09T03:23:19Z">
          <params>
            <param index="0">
              <value>
                <![CDATA[Chrome]]>
              </value>
            </param>
            <param index="1">
              <value>
                <![CDATA[true]]>
              </value>
            </param>
          </params>
          <reporter-output>
          </reporter-output>
        </test-method> <!-- setup -->
        <test-method status="PASS" signature="A_001_validLogin(java.lang.String, java.lang.String, java.lang.String, java.lang.String)[pri:2, instance:com.media2359.tests.a_Authentication@3cbbc1e0]" name="A_001_validLogin" duration-ms="5297" started-at="2019-10-09T03:23:19Z" finished-at="2019-10-09T03:23:24Z">
          <params>
            <param index="0">
              <value>
                <![CDATA[https://leap-sandbox.2359media.net/nhggmelearning/]]>
              </value>
            </param>
            <param index="1">
              <value>
                <![CDATA[nhgadmin]]>
              </value>
            </param>
            <param index="2">
              <value>
                <![CDATA[password.123]]>
              </value>
            </param>
            <param index="3">
              <value>
                <![CDATA[NHG, Administrator (Anaesthesiology)]]>
              </value>
            </param>
          </params>
          <reporter-output>
            <line>
              <![CDATA[nhgadmin]]>
            </line>
            <line>
              <![CDATA[]]>
            </line>
            <line>
              <![CDATA[NHG, Administrator (Anaesthesiology)]]>
            </line>
          </reporter-output>
        </test-method> <!-- A_001_validLogin -->
        <test-method status="PASS" signature="beforeMethodStart()[pri:0, instance:com.media2359.tests.a_Authentication@3cbbc1e0]" name="beforeMethodStart" is-config="true" duration-ms="0" started-at="2019-10-09T03:23:19Z" finished-at="2019-10-09T03:23:19Z">
          <reporter-output>
          </reporter-output>
        </test-method> <!-- beforeMethodStart -->
        <test-method status="PASS" signature="screenShot(org.testng.ITestResult)[pri:0, instance:com.media2359.tests.a_Authentication@3cbbc1e0]" name="screenShot" is-config="true" duration-ms="1" started-at="2019-10-09T03:23:24Z" finished-at="2019-10-09T03:23:24Z">
          <params>
            <param index="0">
              <value>
                <![CDATA[[TestResult name=A_001_validLogin status=SUCCESS method=a_Authentication.A_001_validLogin(java.lang.String, java.lang.String, java.lang.String, java.lang.String)[pri:2, instance:com.media2359.tests.a_Authentication@3cbbc1e0] output=nhgadmin]]]>
              </value>
            </param>
          </params>
          <reporter-output>
          </reporter-output>
        </test-method> <!-- screenShot -->
        <test-method status="PASS" signature="tearDown()[pri:0, instance:com.media2359.tests.a_Authentication@3cbbc1e0]" name="tearDown" is-config="true" duration-ms="75" started-at="2019-10-09T03:23:24Z" finished-at="2019-10-09T03:23:24Z">
          <reporter-output>
          </reporter-output>
        </test-method> <!-- tearDown -->
      </class> <!-- com.media2359.tests.a_Authentication -->
    </test> <!-- Authentication -->
  </suite> <!-- Suite -->
</testng-results>
