<?xml version="1.0" encoding="UTF-8"?>
<!-- Generated by org.testng.reporters.JUnitReportReporter -->
<testsuite skipped="0" hostname="2359s-MacBook-Pro.local" name="com.media2359.tests.a_Authentication" tests="3" failures="1" timestamp="15 Jul 2019 04:56:49 GMT" time="15.061" errors="0">
  <testcase name="A_002_ForgotPassword" time="6.806" classname="com.media2359.tests.a_Authentication"/>
  <testcase name="A_003_ViewDisclaimer" time="1.926" classname="com.media2359.tests.a_Authentication">
    <failure type="java.lang.AssertionError" message="expected [statementDisclaimer] but found [NHG does not warrant or represent that your use of this Site/App will not infringe the rights of third parties. This Site/App may contain links to web sites maintained by other people and/or companies. NHG does not monitor the contents of these sites nor does NHG have the ability to control these sites. For these reasons, NHG explicitly disclaims any responsibility for the accuracy, contents, availability of information, copyright compliance, legality or decency of material contained in sites that are linked to or from this Site/App from third parties not associated with NHG and you irrevocably waive any claim against NHG with respect to such sites. NHG does not endorse or make any representations whatsoever as to the contents of third party sites included in this Site/App, whether or not such link was created by NHG. NHG, its staff and the writers of the articles, cannot be held responsible or be liable for any action or decision taken as a result of the information in this Site/App. Information accessed through this Site/App is provided on an “as is” and “as available” basis. NHG disclaims all warranties of any kind, whether express or implied, including but not limited to any warranty that:  • Your use of this Site/App will be error-free, free from computer viruses, secure, timely, uninterrupted or will meet your requirements; or • Any material you download from this Site/App or otherwise obtained through the use of this Site/App will not cause damage to or impede the functions of your computer system or result in loss of data; or • The contents is accurate, authentic, adequate, applicable, timely, complete or reliable.   None of the contents or any statement made on or obtained through this Site/App or any oral or written communication between you and NHG (including email or any other electronic communication) shall create or give rise to any warranty unless expressly stated otherwise.]">
      <![CDATA[java.lang.AssertionError: expected [statementDisclaimer] but found [NHG does not warrant or represent that your use of this Site/App will not infringe the rights of third parties. This Site/App may contain links to web sites maintained by other people and/or companies. NHG does not monitor the contents of these sites nor does NHG have the ability to control these sites. For these reasons, NHG explicitly disclaims any responsibility for the accuracy, contents, availability of information, copyright compliance, legality or decency of material contained in sites that are linked to or from this Site/App from third parties not associated with NHG and you irrevocably waive any claim against NHG with respect to such sites. NHG does not endorse or make any representations whatsoever as to the contents of third party sites included in this Site/App, whether or not such link was created by NHG. NHG, its staff and the writers of the articles, cannot be held responsible or be liable for any action or decision taken as a result of the information in this Site/App. Information accessed through this Site/App is provided on an “as is” and “as available” basis. NHG disclaims all warranties of any kind, whether express or implied, including but not limited to any warranty that:  • Your use of this Site/App will be error-free, free from computer viruses, secure, timely, uninterrupted or will meet your requirements; or • Any material you download from this Site/App or otherwise obtained through the use of this Site/App will not cause damage to or impede the functions of your computer system or result in loss of data; or • The contents is accurate, authentic, adequate, applicable, timely, complete or reliable.   None of the contents or any statement made on or obtained through this Site/App or any oral or written communication between you and NHG (including email or any other electronic communication) shall create or give rise to any warranty unless expressly stated otherwise.]
at org.testng.Assert.fail(Assert.java:96)
at org.testng.Assert.failNotEquals(Assert.java:776)
at org.testng.Assert.assertEqualsImpl(Assert.java:137)
at org.testng.Assert.assertEquals(Assert.java:118)
at org.testng.Assert.assertEquals(Assert.java:453)
at org.testng.Assert.assertEquals(Assert.java:463)
at com.media2359.pages.BasePage.assertEquals(BasePage.java:172)
at com.media2359.pages.AuthenticationPage.openAndVerifyDisclaimer(AuthenticationPage.java:145)
at com.media2359.tests.a_Authentication.A_003_ViewDisclaimer(a_Authentication.java:80)
at sun.reflect.NativeMethodAccessorImpl.invoke0(Native Method)
at sun.reflect.NativeMethodAccessorImpl.invoke(NativeMethodAccessorImpl.java:62)
at sun.reflect.DelegatingMethodAccessorImpl.invoke(DelegatingMethodAccessorImpl.java:43)
at java.lang.reflect.Method.invoke(Method.java:498)
at org.testng.internal.MethodInvocationHelper.invokeMethod(MethodInvocationHelper.java:124)
at org.testng.internal.Invoker.invokeMethod(Invoker.java:583)
at org.testng.internal.Invoker.invokeTestMethod(Invoker.java:719)
at org.testng.internal.Invoker.invokeTestMethods(Invoker.java:989)
at org.testng.internal.TestMethodWorker.invokeTestMethods(TestMethodWorker.java:125)
at org.testng.internal.TestMethodWorker.run(TestMethodWorker.java:109)
at org.testng.TestRunner.privateRun(TestRunner.java:648)
at org.testng.TestRunner.run(TestRunner.java:505)
at org.testng.SuiteRunner.runTest(SuiteRunner.java:455)
at org.testng.SuiteRunner.runSequentially(SuiteRunner.java:450)
at org.testng.SuiteRunner.privateRun(SuiteRunner.java:415)
at org.testng.SuiteRunner.run(SuiteRunner.java:364)
at org.testng.SuiteRunnerWorker.runSuite(SuiteRunnerWorker.java:52)
at org.testng.SuiteRunnerWorker.run(SuiteRunnerWorker.java:84)
at org.testng.TestNG.runSuitesSequentially(TestNG.java:1208)
at org.testng.TestNG.runSuitesLocally(TestNG.java:1137)
at org.testng.TestNG.runSuites(TestNG.java:1049)
at org.testng.TestNG.run(TestNG.java:1017)
at com.media2359.App.main(App.java:40)
]]>
    </failure>
  </testcase> <!-- A_003_ViewDisclaimer -->
  <testcase name="A_001_validLogin" time="6.329" classname="com.media2359.tests.a_Authentication"/>
</testsuite> <!-- com.media2359.tests.a_Authentication -->
